<?xml version="1.0" encoding="UTF-8"?>
<!-- Generated by org.testng.reporters.JUnitXMLReporter -->
<testsuite ignored="0" hostname="DESKTOP-LNIVFV2" failures="1" tests="1" name="Default test" time="6.969" errors="0" timestamp="2021-04-17T22:17:58 IST">
  <testcase classname="com.qa.runner.TestRunner" name="feature" time="4.287">
    <failure type="cucumber.runtime.CucumberException" message="java.lang.ClassCastException: class org.openqa.selenium.htmlunit.HtmlUnitDriver cannot be cast to class org.openqa.selenium.TakesScreenshot (org.openqa.selenium.htmlunit.HtmlUnitDriver and org.openqa.selenium.TakesScreenshot are in unnamed module of loader &amp;apos;app&amp;apos;)">
      <![CDATA[cucumber.runtime.CucumberException: java.lang.ClassCastException: class org.openqa.selenium.htmlunit.HtmlUnitDriver cannot be cast to class org.openqa.selenium.TakesScreenshot (org.openqa.selenium.htmlunit.HtmlUnitDriver and org.openqa.selenium.TakesScreenshot are in unnamed module of loader 'app')
at cucumber.api.testng.TestNGCucumberRunner.runCucumber(TestNGCucumberRunner.java:69)
at com.qa.runner.TestRunner.feature(TestRunner.java:48)
at java.base/jdk.internal.reflect.NativeMethodAccessorImpl.invoke0(Native Method)
at java.base/jdk.internal.reflect.NativeMethodAccessorImpl.invoke(NativeMethodAccessorImpl.java:64)
at java.base/jdk.internal.reflect.DelegatingMethodAccessorImpl.invoke(DelegatingMethodAccessorImpl.java:43)
at java.base/java.lang.reflect.Method.invoke(Method.java:564)
at org.testng.internal.MethodInvocationHelper.invokeMethod(MethodInvocationHelper.java:132)
at org.testng.internal.TestInvoker.invokeMethod(TestInvoker.java:599)
at org.testng.internal.TestInvoker.invokeTestMethod(TestInvoker.java:174)
at org.testng.internal.MethodRunner.runInSequence(MethodRunner.java:46)
at org.testng.internal.TestInvoker$MethodInvocationAgent.invoke(TestInvoker.java:822)
at org.testng.internal.TestInvoker.invokeTestMethods(TestInvoker.java:147)
at org.testng.internal.TestMethodWorker.invokeTestMethods(TestMethodWorker.java:146)
at org.testng.internal.TestMethodWorker.run(TestMethodWorker.java:128)
at java.base/java.util.ArrayList.forEach(ArrayList.java:1511)
at org.testng.TestRunner.privateRun(TestRunner.java:764)
at org.testng.TestRunner.run(TestRunner.java:585)
at org.testng.SuiteRunner.runTest(SuiteRunner.java:384)
at org.testng.SuiteRunner.runSequentially(SuiteRunner.java:378)
at org.testng.SuiteRunner.privateRun(SuiteRunner.java:337)
at org.testng.SuiteRunner.run(SuiteRunner.java:286)
at org.testng.SuiteRunnerWorker.runSuite(SuiteRunnerWorker.java:53)
at org.testng.SuiteRunnerWorker.run(SuiteRunnerWorker.java:96)
at org.testng.TestNG.runSuitesSequentially(TestNG.java:1218)
at org.testng.TestNG.runSuitesLocally(TestNG.java:1140)
at org.testng.TestNG.runSuites(TestNG.java:1069)
at org.testng.TestNG.run(TestNG.java:1037)
at org.testng.remote.AbstractRemoteTestNG.run(AbstractRemoteTestNG.java:115)
at org.testng.remote.RemoteTestNG.initAndRun(RemoteTestNG.java:251)
at org.testng.remote.RemoteTestNG.main(RemoteTestNG.java:77)
Caused by: java.lang.ClassCastException: class org.openqa.selenium.htmlunit.HtmlUnitDriver cannot be cast to class org.openqa.selenium.TakesScreenshot (org.openqa.selenium.htmlunit.HtmlUnitDriver and org.openqa.selenium.TakesScreenshot are in unnamed module of loader 'app')
at com.qa.util.TestUtil.takeScreenShot(TestUtil.java:67)
at stepDefinitions.RegisterPageTest.user_clicks_on_registerlink(RegisterPageTest.java:30)
at âœ½.When user clicks on registerlink(Features/login.feature:5)
]]>
    </failure>
  </testcase> <!-- feature -->
</testsuite> <!-- Default test -->
